Spark Command: /usr/java/default/bin/java -cp /usr/local/spark/conf/:/usr/local/spark/jars/*:/usr/local/hadoop/etc/hadoop/ -Xmx1g org.apache.spark.deploy.worker.Worker --webui-port 8081 spark://master:7077
========================================
21/05/11 23:17:29 INFO worker.Worker: Started daemon with process name: 861@5cfe36beac84
21/05/11 23:17:29 INFO util.SignalUtils: Registered signal handler for TERM
21/05/11 23:17:29 INFO util.SignalUtils: Registered signal handler for HUP
21/05/11 23:17:29 INFO util.SignalUtils: Registered signal handler for INT
21/05/11 23:17:29 WARN spark.SparkConf: The configuration key 'spark.yarn.jar' has been deprecated as of Spark 2.0 and may be removed in the future. Please use the new key 'spark.yarn.jars' instead.
21/05/11 23:17:29 WARN util.NativeCodeLoader: Unable to load native-hadoop library for your platform... using builtin-java classes where applicable
21/05/11 23:17:30 INFO spark.SecurityManager: Changing view acls to: root
21/05/11 23:17:30 INFO spark.SecurityManager: Changing modify acls to: root
21/05/11 23:17:30 INFO spark.SecurityManager: Changing view acls groups to: 
21/05/11 23:17:30 INFO spark.SecurityManager: Changing modify acls groups to: 
21/05/11 23:17:30 INFO spark.SecurityManager: SecurityManager: authentication disabled; ui acls disabled; users  with view permissions: Set(root); groups with view permissions: Set(); users  with modify permissions: Set(root); groups with modify permissions: Set()
21/05/11 23:17:30 INFO util.Utils: Successfully started service 'sparkWorker' on port 46023.
21/05/11 23:17:30 INFO worker.Worker: Starting Spark worker 192.168.192.3:46023 with 6 cores, 8.7 GB RAM
21/05/11 23:17:30 INFO worker.Worker: Running Spark version 2.4.4
21/05/11 23:17:30 INFO worker.Worker: Spark home: /usr/local/spark
21/05/11 23:17:30 INFO util.log: Logging initialized @1614ms
21/05/11 23:17:30 INFO server.Server: jetty-9.3.z-SNAPSHOT, build timestamp: unknown, git hash: unknown
21/05/11 23:17:30 INFO server.Server: Started @1662ms
21/05/11 23:17:30 INFO server.AbstractConnector: Started ServerConnector@26d5f297{HTTP/1.1,[http/1.1]}{0.0.0.0:8081}
21/05/11 23:17:30 INFO util.Utils: Successfully started service 'WorkerUI' on port 8081.
21/05/11 23:17:30 INFO handler.ContextHandler: Started o.s.j.s.ServletContextHandler@4ad4fb32{/logPage,null,AVAILABLE,@Spark}
21/05/11 23:17:30 INFO handler.ContextHandler: Started o.s.j.s.ServletContextHandler@15fe5c59{/logPage/json,null,AVAILABLE,@Spark}
21/05/11 23:17:30 INFO handler.ContextHandler: Started o.s.j.s.ServletContextHandler@3317081c{/,null,AVAILABLE,@Spark}
21/05/11 23:17:30 INFO handler.ContextHandler: Started o.s.j.s.ServletContextHandler@2a41866e{/json,null,AVAILABLE,@Spark}
21/05/11 23:17:30 INFO handler.ContextHandler: Started o.s.j.s.ServletContextHandler@4dba0beb{/static,null,AVAILABLE,@Spark}
21/05/11 23:17:30 INFO handler.ContextHandler: Started o.s.j.s.ServletContextHandler@3527cba3{/log,null,AVAILABLE,@Spark}
21/05/11 23:17:30 INFO ui.WorkerWebUI: Bound WorkerWebUI to 0.0.0.0, and started at http://5cfe36beac84:8081
21/05/11 23:17:30 INFO worker.Worker: Connecting to master master:7077...
21/05/11 23:17:30 INFO handler.ContextHandler: Started o.s.j.s.ServletContextHandler@691ca443{/metrics/json,null,AVAILABLE,@Spark}
21/05/11 23:17:30 WARN worker.Worker: Failed to connect to master master:7077
org.apache.spark.SparkException: Exception thrown in awaitResult: 
	at org.apache.spark.util.ThreadUtils$.awaitResult(ThreadUtils.scala:226)
	at org.apache.spark.rpc.RpcTimeout.awaitResult(RpcTimeout.scala:75)
	at org.apache.spark.rpc.RpcEnv.setupEndpointRefByURI(RpcEnv.scala:101)
	at org.apache.spark.rpc.RpcEnv.setupEndpointRef(RpcEnv.scala:109)
	at org.apache.spark.deploy.worker.Worker$$anonfun$org$apache$spark$deploy$worker$Worker$$tryRegisterAllMasters$1$$anon$1.run(Worker.scala:253)
	at java.util.concurrent.Executors$RunnableAdapter.call(Executors.java:511)
	at java.util.concurrent.FutureTask.run(FutureTask.java:266)
	at java.util.concurrent.ThreadPoolExecutor.runWorker(ThreadPoolExecutor.java:1142)
	at java.util.concurrent.ThreadPoolExecutor$Worker.run(ThreadPoolExecutor.java:617)
	at java.lang.Thread.run(Thread.java:745)
Caused by: java.io.IOException: Failed to connect to master/192.168.192.2:7077
	at org.apache.spark.network.client.TransportClientFactory.createClient(TransportClientFactory.java:245)
	at org.apache.spark.network.client.TransportClientFactory.createClient(TransportClientFactory.java:187)
	at org.apache.spark.rpc.netty.NettyRpcEnv.createClient(NettyRpcEnv.scala:198)
	at org.apache.spark.rpc.netty.Outbox$$anon$1.call(Outbox.scala:194)
	at org.apache.spark.rpc.netty.Outbox$$anon$1.call(Outbox.scala:190)
	... 4 more
Caused by: io.netty.channel.AbstractChannel$AnnotatedConnectException: Connection refused: master/192.168.192.2:7077
	at sun.nio.ch.SocketChannelImpl.checkConnect(Native Method)
	at sun.nio.ch.SocketChannelImpl.finishConnect(SocketChannelImpl.java:717)
	at io.netty.channel.socket.nio.NioSocketChannel.doFinishConnect(NioSocketChannel.java:323)
	at io.netty.channel.nio.AbstractNioChannel$AbstractNioUnsafe.finishConnect(AbstractNioChannel.java:340)
	at io.netty.channel.nio.NioEventLoop.processSelectedKey(NioEventLoop.java:633)
	at io.netty.channel.nio.NioEventLoop.processSelectedKeysOptimized(NioEventLoop.java:580)
	at io.netty.channel.nio.NioEventLoop.processSelectedKeys(NioEventLoop.java:497)
	at io.netty.channel.nio.NioEventLoop.run(NioEventLoop.java:459)
	at io.netty.util.concurrent.SingleThreadEventExecutor$5.run(SingleThreadEventExecutor.java:858)
	at io.netty.util.concurrent.DefaultThreadFactory$DefaultRunnableDecorator.run(DefaultThreadFactory.java:138)
	... 1 more
Caused by: java.net.ConnectException: Connection refused
	... 11 more
