Spark Command: /usr/java/default/bin/java -cp /usr/local/spark/conf/:/usr/local/spark/jars/*:/usr/local/hadoop/etc/hadoop/ -Xmx1g org.apache.spark.deploy.master.Master --host master --port 7077 --webui-port 8080
========================================
21/05/11 23:17:26 INFO master.Master: Started daemon with process name: 869@master
21/05/11 23:17:26 INFO util.SignalUtils: Registered signal handler for TERM
21/05/11 23:17:26 INFO util.SignalUtils: Registered signal handler for HUP
21/05/11 23:17:26 INFO util.SignalUtils: Registered signal handler for INT
21/05/11 23:17:26 WARN spark.SparkConf: The configuration key 'spark.yarn.jar' has been deprecated as of Spark 2.0 and may be removed in the future. Please use the new key 'spark.yarn.jars' instead.
21/05/11 23:17:27 WARN util.NativeCodeLoader: Unable to load native-hadoop library for your platform... using builtin-java classes where applicable
21/05/11 23:17:27 INFO spark.SecurityManager: Changing view acls to: root
21/05/11 23:17:27 INFO spark.SecurityManager: Changing modify acls to: root
21/05/11 23:17:27 INFO spark.SecurityManager: Changing view acls groups to: 
21/05/11 23:17:27 INFO spark.SecurityManager: Changing modify acls groups to: 
21/05/11 23:17:27 INFO spark.SecurityManager: SecurityManager: authentication disabled; ui acls disabled; users  with view permissions: Set(root); groups with view permissions: Set(); users  with modify permissions: Set(root); groups with modify permissions: Set()
21/05/11 23:17:27 INFO util.Utils: Successfully started service 'sparkMaster' on port 7077.
21/05/11 23:17:27 INFO master.Master: Starting Spark master at spark://master:7077
21/05/11 23:17:27 INFO master.Master: Running Spark version 2.4.4
21/05/11 23:17:27 INFO util.log: Logging initialized @1582ms
21/05/11 23:17:27 INFO server.Server: jetty-9.3.z-SNAPSHOT, build timestamp: unknown, git hash: unknown
21/05/11 23:17:27 INFO server.Server: Started @1634ms
21/05/11 23:17:27 INFO server.AbstractConnector: Started ServerConnector@501b59b1{HTTP/1.1,[http/1.1]}{0.0.0.0:8080}
21/05/11 23:17:27 INFO util.Utils: Successfully started service 'MasterUI' on port 8080.
21/05/11 23:17:27 INFO handler.ContextHandler: Started o.s.j.s.ServletContextHandler@7021e310{/app,null,AVAILABLE,@Spark}
21/05/11 23:17:27 INFO handler.ContextHandler: Started o.s.j.s.ServletContextHandler@764b156a{/app/json,null,AVAILABLE,@Spark}
21/05/11 23:17:27 INFO handler.ContextHandler: Started o.s.j.s.ServletContextHandler@7d3b627{/,null,AVAILABLE,@Spark}
21/05/11 23:17:27 INFO handler.ContextHandler: Started o.s.j.s.ServletContextHandler@5cefaea{/json,null,AVAILABLE,@Spark}
21/05/11 23:17:27 INFO handler.ContextHandler: Started o.s.j.s.ServletContextHandler@2b804f7c{/static,null,AVAILABLE,@Spark}
21/05/11 23:17:27 INFO handler.ContextHandler: Started o.s.j.s.ServletContextHandler@1871019e{/app/kill,null,AVAILABLE,@Spark}
21/05/11 23:17:27 INFO handler.ContextHandler: Started o.s.j.s.ServletContextHandler@2496f2f2{/driver/kill,null,AVAILABLE,@Spark}
21/05/11 23:17:27 INFO ui.MasterWebUI: Bound MasterWebUI to 0.0.0.0, and started at http://master:8080
21/05/11 23:17:27 INFO handler.ContextHandler: Started o.s.j.s.ServletContextHandler@48033502{/metrics/master/json,null,AVAILABLE,@Spark}
21/05/11 23:17:27 INFO handler.ContextHandler: Started o.s.j.s.ServletContextHandler@5d8fc3a8{/metrics/applications/json,null,AVAILABLE,@Spark}
21/05/11 23:17:27 INFO master.Master: I have been elected leader! New state: ALIVE
